<?xml version="1.0" encoding="UTF-8"?>
<!-- Generated by org.testng.reporters.JUnitReportReporter -->
<testsuite hostname="DESKTOP-INQUNRP" name="facebook.HomePage" tests="1" failures="0" timestamp="6 Jul 2018 21:44:40 GMT" time="0.021" errors="0">
  <testcase name="basePageNavigation" time="0.021" classname="facebook.HomePage"/>
</testsuite> <!-- facebook.HomePage -->
