<?xml version="1.0" encoding="UTF-8"?>
<!-- Generated by org.testng.reporters.JUnitReportReporter -->
<testsuite hostname="DESKTOP-INQUNRP" name="facebook.LogInTest" tests="2" failures="0" timestamp="6 Jul 2018 21:44:40 GMT" time="18.114" errors="0">
  <testcase name="DoLogIn" time="14.157" classname="facebook.LogInTest"/>
  <testcase name="DoLogIn" time="3.957" classname="facebook.LogInTest"/>
</testsuite> <!-- facebook.LogInTest -->
