<?xml version="1.0" encoding="UTF-8"?>
<!-- Generated by org.testng.reporters.JUnitReportReporter -->
<testsuite skipped="0" hostname="DESKTOP-INQUNRP" name="registrationTest.SubmitTest" tests="1" failures="0" timestamp="22 May 2019 20:26:32 GMT" time="3.517" errors="0">
  <testcase name="submitTest" time="3.517" classname="registrationTest.SubmitTest"/>
</testsuite> <!-- registrationTest.SubmitTest -->
