<?xml version="1.0" encoding="UTF-8"?>
<!-- Generated by org.testng.reporters.JUnitReportReporter -->
<testsuite skipped="0" hostname="DESKTOP-INQUNRP" name="com.interview.com.facebook.LoginTest" tests="1" failures="0" timestamp="04 May 2019 12:36:18 GMT" time="5.523" errors="0">
  <testcase name="loginTest" time="5.523" classname="com.interview.com.facebook.LoginTest"/>
</testsuite> <!-- com.interview.com.facebook.LoginTest -->
