<?xml version="1.0" encoding="UTF-8"?>
<!-- Generated by org.testng.reporters.JUnitReportReporter -->
<testsuite skipped="0" hostname="DESKTOP-INQUNRP" name="registrationTest.FirstAndLastNameTest" tests="1" failures="0" timestamp="23 May 2019 20:31:50 GMT" time="0.358" errors="0">
  <testcase name="FirstNameTest" time="0.358" classname="registrationTest.FirstAndLastNameTest"/>
</testsuite> <!-- registrationTest.FirstAndLastNameTest -->
