<?xml version="1.0" encoding="UTF-8"?>
<!-- Generated by org.testng.reporters.JUnitReportReporter -->
<testsuite skipped="0" hostname="DESKTOP-INQUNRP" name="registrationTest.FirstAndLastNameTest" tests="1" failures="0" timestamp="19 May 2019 23:04:20 GMT" time="1.408" errors="0">
  <testcase name="FirstNameTest" time="1.408" classname="registrationTest.FirstAndLastNameTest"/>
</testsuite> <!-- registrationTest.FirstAndLastNameTest -->
