<?xml version="1.0" encoding="UTF-8"?>
<!-- Generated by org.testng.reporters.JUnitReportReporter -->
<testsuite skipped="0" hostname="DESKTOP-INQUNRP" name="registrationTest.MobileNumberTest" tests="1" failures="0" timestamp="19 May 2019 22:00:33 GMT" time="0.432" errors="0">
  <testcase name="mobilenumberTest" time="0.432" classname="registrationTest.MobileNumberTest"/>
</testsuite> <!-- registrationTest.MobileNumberTest -->
