<?xml version="1.0" encoding="UTF-8"?>
<!-- Generated by org.testng.reporters.JUnitReportReporter -->
<testsuite skipped="0" hostname="DESKTOP-INQUNRP" name="registrationTest.PasswordTest" tests="1" failures="0" timestamp="22 May 2019 21:19:03 GMT" time="0.184" errors="0">
  <testcase name="passwordTest" time="0.184" classname="registrationTest.PasswordTest"/>
</testsuite> <!-- registrationTest.PasswordTest -->
