<?xml version="1.0" encoding="UTF-8"?>
<!-- Generated by org.testng.reporters.JUnitReportReporter -->
<testsuite skipped="0" hostname="DESKTOP-INQUNRP" name="registrationTest.SubmitTest" tests="1" failures="0" timestamp="19 May 2019 22:11:30 GMT" time="1.573" errors="0">
  <testcase name="submitTest" time="1.573" classname="registrationTest.SubmitTest"/>
</testsuite> <!-- registrationTest.SubmitTest -->
