<?xml version="1.0" encoding="UTF-8"?>
<!-- Generated by org.testng.reporters.JUnitReportReporter -->
<testsuite skipped="0" hostname="DESKTOP-INQUNRP" name="com.interview.com.facebook.LoginTest" tests="1" failures="0" timestamp="25 May 2019 21:47:34 GMT" time="6.781" errors="0">
  <testcase name="loginTest" time="6.781" classname="com.interview.com.facebook.LoginTest"/>
</testsuite> <!-- com.interview.com.facebook.LoginTest -->
