<?xml version="1.0" encoding="UTF-8"?>
<!-- Generated by org.testng.reporters.JUnitReportReporter -->
<testsuite skipped="0" hostname="DESKTOP-INQUNRP" name="com.interview.com.facebook.ValidateTest" tests="1" failures="0" timestamp="18 May 2019 23:02:50 GMT" time="0.220" errors="0">
  <testcase name="validateFBTest" time="0.220" classname="com.interview.com.facebook.ValidateTest"/>
</testsuite> <!-- com.interview.com.facebook.ValidateTest -->
