<?xml version="1.0" encoding="UTF-8"?>
<!-- Generated by org.testng.reporters.JUnitReportReporter -->
<testsuite skipped="0" hostname="DESKTOP-INQUNRP" name="registrationTest.RegistrationPageTest" tests="6" failures="0" timestamp="23 May 2019 18:58:42 GMT" time="1.778" errors="0">
  <testcase name="firstAndLastNameTest" time="0.292" classname="registrationTest.RegistrationPageTest"/>
  <testcase name="mobileNumberTest" time="0.183" classname="registrationTest.RegistrationPageTest"/>
  <testcase name="passwordTest" time="0.107" classname="registrationTest.RegistrationPageTest"/>
  <testcase name="birthdayTest" time="0.933" classname="registrationTest.RegistrationPageTest"/>
  <testcase name="maleOrFemaleTest" time="0.154" classname="registrationTest.RegistrationPageTest"/>
  <testcase name="submitTest" time="0.109" classname="registrationTest.RegistrationPageTest"/>
</testsuite> <!-- registrationTest.RegistrationPageTest -->
