<?xml version="1.0" encoding="UTF-8"?>
<!-- Generated by org.testng.reporters.JUnitReportReporter -->
<testsuite skipped="0" hostname="DESKTOP-INQUNRP" name="registrationTest.RegistrationPageTest" tests="6" failures="0" timestamp="19 May 2019 22:23:08 GMT" time="3.078" errors="0">
  <testcase name="firstAndLastNameTest" time="0.605" classname="registrationTest.RegistrationPageTest"/>
  <testcase name="mobileNumberTest" time="0.341" classname="registrationTest.RegistrationPageTest"/>
  <testcase name="passwordTest" time="0.200" classname="registrationTest.RegistrationPageTest"/>
  <testcase name="birthdayTest" time="1.313" classname="registrationTest.RegistrationPageTest"/>
  <testcase name="maleOrFemaleTest" time="0.326" classname="registrationTest.RegistrationPageTest"/>
  <testcase name="submitTest" time="0.293" classname="registrationTest.RegistrationPageTest"/>
</testsuite> <!-- registrationTest.RegistrationPageTest -->
