<?xml version="1.0" encoding="UTF-8"?>
<!-- Generated by org.testng.reporters.JUnitReportReporter -->
<testsuite skipped="0" hostname="DESKTOP-INQUNRP" name="com.interview.com.facebook.LoginTest" tests="1" failures="0" timestamp="09 Jan 2019 22:40:47 GMT" time="4.113" errors="0">
  <testcase name="loginTest" time="4.113" classname="com.interview.com.facebook.LoginTest"/>
</testsuite> <!-- com.interview.com.facebook.LoginTest -->
