<?xml version="1.0" encoding="UTF-8"?>
<!-- Generated by org.testng.reporters.JUnitReportReporter -->
<testsuite skipped="0" hostname="DESKTOP-INQUNRP" name="registrationTest.PasswordTest" tests="1" failures="0" timestamp="19 May 2019 22:02:05 GMT" time="1.391" errors="0">
  <testcase name="passwordTest" time="1.391" classname="registrationTest.PasswordTest"/>
</testsuite> <!-- registrationTest.PasswordTest -->
