<?xml version="1.0" encoding="UTF-8"?>
<!-- Generated by org.testng.reporters.JUnitReportReporter -->
<testsuite skipped="0" hostname="DESKTOP-INQUNRP" name="com.interview.com.facebook.ValidateTest" tests="1" failures="0" timestamp="19 May 2019 21:20:56 GMT" time="1.037" errors="0">
  <testcase name="validateFBTest" time="1.037" classname="com.interview.com.facebook.ValidateTest"/>
</testsuite> <!-- com.interview.com.facebook.ValidateTest -->
