<?xml version="1.0" encoding="UTF-8"?>
<!-- Generated by org.testng.reporters.JUnitReportReporter -->
<testsuite skipped="0" hostname="DESKTOP-INQUNRP" name="com.interview.com.facebook.FacebookLoginTest" tests="1" failures="0" timestamp="09 Jan 2019 00:41:38 GMT" time="13.236" errors="0">
  <testcase name="loginTest" time="13.236" classname="com.interview.com.facebook.FacebookLoginTest"/>
</testsuite> <!-- com.interview.com.facebook.FacebookLoginTest -->
