<?xml version="1.0" encoding="UTF-8"?>
<!-- Generated by org.testng.reporters.JUnitReportReporter -->
<testsuite skipped="0" hostname="DESKTOP-INQUNRP" name="registrationTest.MaleOrFemale" tests="1" failures="0" timestamp="19 May 2019 22:10:09 GMT" time="1.324" errors="0">
  <testcase name="birthdayTest" time="1.324" classname="registrationTest.MaleOrFemale"/>
</testsuite> <!-- registrationTest.MaleOrFemale -->
