<?xml version="1.0" encoding="UTF-8"?>
<!-- Generated by org.testng.reporters.JUnitReportReporter -->
<testsuite skipped="0" hostname="DESKTOP-INQUNRP" name="registrationTest.MaleOrFemale" tests="1" failures="0" timestamp="23 May 2019 20:26:23 GMT" time="0.798" errors="0">
  <testcase name="birthdayTest" time="0.798" classname="registrationTest.MaleOrFemale"/>
</testsuite> <!-- registrationTest.MaleOrFemale -->
