<?xml version="1.0" encoding="UTF-8"?>
<!-- Generated by org.testng.reporters.JUnitReportReporter -->
<testsuite skipped="0" hostname="DESKTOP-INQUNRP" name="registrationTest.FirstAndLastName" tests="1" failures="0" timestamp="19 May 2019 21:50:52 GMT" time="0.527" errors="0">
  <testcase name="FirstNameTest" time="0.527" classname="registrationTest.FirstAndLastName"/>
</testsuite> <!-- registrationTest.FirstAndLastName -->
