<?xml version="1.0" encoding="UTF-8"?>
<!-- Generated by org.testng.reporters.JUnitReportReporter -->
<testsuite skipped="0" hostname="DESKTOP-INQUNRP" name="registrationTest.BirthdayTest" tests="1" failures="0" timestamp="19 May 2019 22:30:55 GMT" time="1.628" errors="0">
  <testcase name="birthdayTest" time="1.628" classname="registrationTest.BirthdayTest"/>
</testsuite> <!-- registrationTest.BirthdayTest -->
