<?xml version="1.0" encoding="UTF-8"?>
<!-- Generated by org.testng.reporters.JUnitReportReporter -->
<testsuite hostname="DESKTOP-INQUNRP" name="facebook.HomePage" tests="1" failures="0" timestamp="13 May 2019 22:42:51 GMT" time="0.028" errors="0">
  <testcase name="basePageNavigation" time="0.028" classname="facebook.HomePage"/>
</testsuite> <!-- facebook.HomePage -->
