<?xml version="1.0" encoding="UTF-8"?>
<!-- Generated by org.testng.reporters.JUnitReportReporter -->
<testsuite hostname="DESKTOP-INQUNRP" name="facebook.HomePage" tests="1" failures="0" timestamp="13 Jul 2018 23:38:37 GMT" time="0.087" errors="0">
  <testcase name="basePageNavigation" time="0.087" classname="facebook.HomePage"/>
</testsuite> <!-- facebook.HomePage -->
