<?xml version="1.0" encoding="UTF-8"?>
<!-- Generated by org.testng.reporters.JUnitReportReporter -->
<testsuite hostname="DESKTOP-INQUNRP" name="facebook.HomePage" tests="1" failures="0" timestamp="6 Jul 2018 21:43:11 GMT" time="1.427" errors="0">
  <testcase name="basePageNavigation" time="1.427" classname="facebook.HomePage"/>
</testsuite> <!-- facebook.HomePage -->
