<?xml version="1.0" encoding="UTF-8"?>
<!-- Generated by org.testng.reporters.JUnitReportReporter -->
<testsuite hostname="DESKTOP-INQUNRP" name="facebook.LogInTest" tests="2" failures="0" timestamp="6 Jul 2018 21:43:11 GMT" time="12.363" errors="0">
  <testcase name="DoLogIn" time="8.727" classname="facebook.LogInTest"/>
  <testcase name="DoLogIn" time="3.636" classname="facebook.LogInTest"/>
</testsuite> <!-- facebook.LogInTest -->
