<?xml version="1.0" encoding="UTF-8"?>
<!-- Generated by org.testng.reporters.JUnitReportReporter -->
<testsuite hostname="DESKTOP-INQUNRP" name="facebook.LogInTest" tests="2" failures="0" timestamp="11 Jul 2018 12:31:09 GMT" time="26.957" errors="0">
  <testcase name="DoLogIn" time="22.608" classname="facebook.LogInTest"/>
  <testcase name="DoLogIn" time="4.349" classname="facebook.LogInTest"/>
</testsuite> <!-- facebook.LogInTest -->
