<?xml version="1.0" encoding="UTF-8"?>
<!-- Generated by org.testng.reporters.JUnitReportReporter -->
<testsuite hostname="DESKTOP-INQUNRP" name="facebook.ValidateTitle" tests="1" failures="0" timestamp="4 Jul 2018 16:57:39 GMT" time="9.725" errors="0">
  <testcase name="Validatefcebook" time="9.725" classname="facebook.ValidateTitle"/>
</testsuite> <!-- facebook.ValidateTitle -->
